<?xml version="1.0" encoding="UTF-8"?>
<!-- Generated by org.testng.reporters.JUnitXMLReporter -->
<testsuite ignored="1" hostname="LAPTOP-U8BF4RDO" failures="0" tests="10" name="Default test" time="68.741" errors="0" timestamp="2022-05-22T16:38:05 IST">
  <testcase classname="Hybrid.logincrm" name="loginApp" time="30.601"/>
  <testcase classname="Hybrid.logincrm" name="signupapp" time="6.29"/>
  <testcase classname="Hybrid.logincrm" name="searchupapp" time="2.935"/>
  <testcase classname="Hybrid.logincrm" name="Bedapp" time="7.301"/>
  <testcase classname="Hybrid.logincrm" name="Bedappcart" time="3.421"/>
  <testcase classname="Hybrid.logincrm" name="assertionaa" time="1.914"/>
  <testcase classname="Hybrid.logincrm" name="tvappcart" time="1.444"/>
  <testcase classname="Hybrid.logincrm" name="studyapp" time="5.305"/>
  <testcase classname="Hybrid.logincrm" name="aboutapp" time="0.392"/>
  <testcase classname="Hybrid.logincrm" name="infoapp" time="0.232"/>
  <testcase classname="Hybrid.Baseclass" name="@BeforeSuite setupsuite" time="0.0">
    <ignored/>
  </testcase> <!-- @BeforeSuite setupsuite -->
</testsuite> <!-- Default test -->
